0 info it worked if it ends with ok
1 verbose cli [ '/usr/bin/nodejs', '/usr/bin/npm', 'install', '-g', 'gitignore' ]
2 info using npm@1.3.10
3 info using node@v0.10.25
4 verbose cache add [ 'gitignore', null ]
5 verbose cache add name=undefined spec="gitignore" args=["gitignore",null]
6 verbose parsed url { protocol: null,
6 verbose parsed url   slashes: null,
6 verbose parsed url   auth: null,
6 verbose parsed url   host: null,
6 verbose parsed url   port: null,
6 verbose parsed url   hostname: null,
6 verbose parsed url   hash: null,
6 verbose parsed url   search: null,
6 verbose parsed url   query: null,
6 verbose parsed url   pathname: 'gitignore',
6 verbose parsed url   path: 'gitignore',
6 verbose parsed url   href: 'gitignore' }
7 silly lockFile 6f819b36-gitignore gitignore
8 verbose lock gitignore /home/michael/.npm/6f819b36-gitignore.lock
9 silly lockFile 6f819b36-gitignore gitignore
10 silly lockFile 6f819b36-gitignore gitignore
11 verbose addNamed [ 'gitignore', '' ]
12 verbose addNamed [ null, '*' ]
13 silly lockFile e5f6bb73-gitignore gitignore@
14 verbose lock gitignore@ /home/michael/.npm/e5f6bb73-gitignore.lock
15 silly addNameRange { name: 'gitignore', range: '*', hasData: false }
16 verbose url raw gitignore
17 verbose url resolving [ 'https://registry.npmjs.org/', './gitignore' ]
18 verbose url resolved https://registry.npmjs.org/gitignore
19 info trying registry request attempt 1 at 16:31:44
20 http GET https://registry.npmjs.org/gitignore
21 http 200 https://registry.npmjs.org/gitignore
22 silly registry.get cb [ 200,
22 silly registry.get   { server: 'CouchDB/1.5.0 (Erlang OTP/R16B03)',
22 silly registry.get     etag: '"1Z2QXBYR7D4IQ8KVNXCK6WPS8"',
22 silly registry.get     'content-type': 'application/json',
22 silly registry.get     'cache-control': 'max-age=300',
22 silly registry.get     'content-length': '13171',
22 silly registry.get     'accept-ranges': 'bytes',
22 silly registry.get     date: 'Sat, 04 Jun 2016 23:31:44 GMT',
22 silly registry.get     via: '1.1 varnish',
22 silly registry.get     age: '0',
22 silly registry.get     connection: 'keep-alive',
22 silly registry.get     'x-served-by': 'cache-sjc3122-SJC',
22 silly registry.get     'x-cache': 'MISS',
22 silly registry.get     'x-cache-hits': '0',
22 silly registry.get     'x-timer': 'S1465083104.411172,VS0,VE355',
22 silly registry.get     vary: 'Accept-Encoding' } ]
23 silly addNameRange number 2 { name: 'gitignore', range: '*', hasData: true }
24 silly addNameRange versions [ 'gitignore',
24 silly addNameRange   [ '0.1.1',
24 silly addNameRange     '0.1.2',
24 silly addNameRange     '0.1.3',
24 silly addNameRange     '0.1.5',
24 silly addNameRange     '0.1.6',
24 silly addNameRange     '0.1.7',
24 silly addNameRange     '0.1.8',
24 silly addNameRange     '0.2.0',
24 silly addNameRange     '0.4.0',
24 silly addNameRange     '0.3.0',
24 silly addNameRange     '0.5.0' ] ]
25 verbose addNamed [ 'gitignore', '0.5.0' ]
26 verbose addNamed [ '0.5.0', '0.5.0' ]
27 silly lockFile 23fb25ff-gitignore-0-5-0 gitignore@0.5.0
28 verbose lock gitignore@0.5.0 /home/michael/.npm/23fb25ff-gitignore-0-5-0.lock
29 silly lockFile ddb1d617-rg-gitignore-gitignore-0-5-0-tgz https://registry.npmjs.org/gitignore/-/gitignore-0.5.0.tgz
30 verbose lock https://registry.npmjs.org/gitignore/-/gitignore-0.5.0.tgz /home/michael/.npm/ddb1d617-rg-gitignore-gitignore-0-5-0-tgz.lock
31 verbose addRemoteTarball [ 'https://registry.npmjs.org/gitignore/-/gitignore-0.5.0.tgz',
31 verbose addRemoteTarball   '826c8a890127637ddb8cc50f14886f14cf947b3a' ]
32 info retry fetch attempt 1 at 16:31:44
33 verbose fetch to= /home/michael/tmp/npm-29-8CJrfAmP/1465083104842-0.12788944994099438/tmp.tgz
34 http GET https://registry.npmjs.org/gitignore/-/gitignore-0.5.0.tgz
35 http 200 https://registry.npmjs.org/gitignore/-/gitignore-0.5.0.tgz
36 verbose tar unpack /home/michael/tmp/npm-29-8CJrfAmP/1465083104842-0.12788944994099438/tmp.tgz
37 silly lockFile d330bb2d-4842-0-12788944994099438-package tar:///home/michael/tmp/npm-29-8CJrfAmP/1465083104842-0.12788944994099438/package
38 verbose lock tar:///home/michael/tmp/npm-29-8CJrfAmP/1465083104842-0.12788944994099438/package /home/michael/.npm/d330bb2d-4842-0-12788944994099438-package.lock
39 silly lockFile 5181628d-4842-0-12788944994099438-tmp-tgz tar:///home/michael/tmp/npm-29-8CJrfAmP/1465083104842-0.12788944994099438/tmp.tgz
40 verbose lock tar:///home/michael/tmp/npm-29-8CJrfAmP/1465083104842-0.12788944994099438/tmp.tgz /home/michael/.npm/5181628d-4842-0-12788944994099438-tmp-tgz.lock
41 silly gunzTarPerm modes [ '755', '644' ]
42 silly gunzTarPerm extractEntry package.json
43 silly gunzTarPerm extractEntry .npmignore
44 silly gunzTarPerm extractEntry README.md
45 silly gunzTarPerm extractEntry bin/gitignore.js
46 silly gunzTarPerm extractEntry lib/library.js
47 silly gunzTarPerm extractEntry lib/main.js
48 silly lockFile d330bb2d-4842-0-12788944994099438-package tar:///home/michael/tmp/npm-29-8CJrfAmP/1465083104842-0.12788944994099438/package
49 silly lockFile d330bb2d-4842-0-12788944994099438-package tar:///home/michael/tmp/npm-29-8CJrfAmP/1465083104842-0.12788944994099438/package
50 silly lockFile 5181628d-4842-0-12788944994099438-tmp-tgz tar:///home/michael/tmp/npm-29-8CJrfAmP/1465083104842-0.12788944994099438/tmp.tgz
51 silly lockFile 5181628d-4842-0-12788944994099438-tmp-tgz tar:///home/michael/tmp/npm-29-8CJrfAmP/1465083104842-0.12788944994099438/tmp.tgz
52 verbose tar pack [ '/home/michael/.npm/gitignore/0.5.0/package.tgz',
52 verbose tar pack   '/home/michael/tmp/npm-29-8CJrfAmP/1465083104842-0.12788944994099438/package' ]
53 verbose tarball /home/michael/.npm/gitignore/0.5.0/package.tgz
54 verbose folder /home/michael/tmp/npm-29-8CJrfAmP/1465083104842-0.12788944994099438/package
55 silly lockFile d330bb2d-4842-0-12788944994099438-package tar:///home/michael/tmp/npm-29-8CJrfAmP/1465083104842-0.12788944994099438/package
56 verbose lock tar:///home/michael/tmp/npm-29-8CJrfAmP/1465083104842-0.12788944994099438/package /home/michael/.npm/d330bb2d-4842-0-12788944994099438-package.lock
57 silly lockFile c1de038b--npm-gitignore-0-5-0-package-tgz tar:///home/michael/.npm/gitignore/0.5.0/package.tgz
58 verbose lock tar:///home/michael/.npm/gitignore/0.5.0/package.tgz /home/michael/.npm/c1de038b--npm-gitignore-0-5-0-package-tgz.lock
59 silly lockFile d330bb2d-4842-0-12788944994099438-package tar:///home/michael/tmp/npm-29-8CJrfAmP/1465083104842-0.12788944994099438/package
60 silly lockFile d330bb2d-4842-0-12788944994099438-package tar:///home/michael/tmp/npm-29-8CJrfAmP/1465083104842-0.12788944994099438/package
61 silly lockFile c1de038b--npm-gitignore-0-5-0-package-tgz tar:///home/michael/.npm/gitignore/0.5.0/package.tgz
62 silly lockFile c1de038b--npm-gitignore-0-5-0-package-tgz tar:///home/michael/.npm/gitignore/0.5.0/package.tgz
63 silly lockFile ca9ffa3b-hael-npm-gitignore-0-5-0-package /home/michael/.npm/gitignore/0.5.0/package
64 verbose lock /home/michael/.npm/gitignore/0.5.0/package /home/michael/.npm/ca9ffa3b-hael-npm-gitignore-0-5-0-package.lock
65 silly lockFile ca9ffa3b-hael-npm-gitignore-0-5-0-package /home/michael/.npm/gitignore/0.5.0/package
66 silly lockFile ca9ffa3b-hael-npm-gitignore-0-5-0-package /home/michael/.npm/gitignore/0.5.0/package
67 verbose tar unpack /home/michael/.npm/gitignore/0.5.0/package.tgz
68 silly lockFile 0de9c7a6-hael-npm-gitignore-0-5-0-package tar:///home/michael/.npm/gitignore/0.5.0/package
69 verbose lock tar:///home/michael/.npm/gitignore/0.5.0/package /home/michael/.npm/0de9c7a6-hael-npm-gitignore-0-5-0-package.lock
70 silly lockFile c1de038b--npm-gitignore-0-5-0-package-tgz tar:///home/michael/.npm/gitignore/0.5.0/package.tgz
71 verbose lock tar:///home/michael/.npm/gitignore/0.5.0/package.tgz /home/michael/.npm/c1de038b--npm-gitignore-0-5-0-package-tgz.lock
72 silly gunzTarPerm modes [ '755', '644' ]
73 silly gunzTarPerm extractEntry package.json
74 silly gunzTarPerm extractEntry .npmignore
75 silly gunzTarPerm extractEntry README.md
76 silly gunzTarPerm extractEntry bin/gitignore.js
77 silly gunzTarPerm extractEntry lib/library.js
78 silly gunzTarPerm extractEntry lib/main.js
79 silly lockFile 0de9c7a6-hael-npm-gitignore-0-5-0-package tar:///home/michael/.npm/gitignore/0.5.0/package
80 silly lockFile 0de9c7a6-hael-npm-gitignore-0-5-0-package tar:///home/michael/.npm/gitignore/0.5.0/package
81 silly lockFile c1de038b--npm-gitignore-0-5-0-package-tgz tar:///home/michael/.npm/gitignore/0.5.0/package.tgz
82 silly lockFile c1de038b--npm-gitignore-0-5-0-package-tgz tar:///home/michael/.npm/gitignore/0.5.0/package.tgz
83 verbose chmod /home/michael/.npm/gitignore/0.5.0/package.tgz 644
84 verbose chown /home/michael/.npm/gitignore/0.5.0/package.tgz [ 1000, 1000 ]
85 silly lockFile ddb1d617-rg-gitignore-gitignore-0-5-0-tgz https://registry.npmjs.org/gitignore/-/gitignore-0.5.0.tgz
86 silly lockFile ddb1d617-rg-gitignore-gitignore-0-5-0-tgz https://registry.npmjs.org/gitignore/-/gitignore-0.5.0.tgz
87 silly lockFile 23fb25ff-gitignore-0-5-0 gitignore@0.5.0
88 silly lockFile 23fb25ff-gitignore-0-5-0 gitignore@0.5.0
89 silly lockFile e5f6bb73-gitignore gitignore@
90 silly lockFile e5f6bb73-gitignore gitignore@
91 silly resolved [ { author: { name: 'Michael Feldstein' },
91 silly resolved     name: 'gitignore',
91 silly resolved     description: 'Automatically fetch gitignore files for any project type from github into your new project',
91 silly resolved     version: '0.5.0',
91 silly resolved     repository: { url: 'https://github.com/msfeldstein/gitignore' },
91 silly resolved     main: './lib/library.js',
91 silly resolved     bin: { gitignore: './bin/gitignore.js' },
91 silly resolved     dependencies: {},
91 silly resolved     devDependencies: {},
91 silly resolved     optionalDependencies: {},
91 silly resolved     engines: { node: '*' },
91 silly resolved     readme: '# gitignore\n\nAutomatically fetch github\'s excellent `.gitignore` files for any of your new projects\n\n[Here is the list of available types](https://github.com/github/gitignore)\n\n## Use as a global utility\n\n### Install\n\n    npm install gitignore -g\n\n### Usage\n\nTo list out all of the available types:\n\n    gitignore -types\n\nTo create a `.gitignore` for rails:\n\n    gitignore rails\n\nThat\'s it.\n\n## Use programmatically as a module\n\n### Install\n\n    npm install gitignore\n\n### and `require`\n\n    var gi = require(`gitignore`);\n\n## API\n\n### `.getTypes(callback)`\n\nGets the types via `https` request to GitHub.\n\n#### `callback(err, types)`\n\nIf an error occurred, or the request failed, an `Error` object is passed as the first parameter. If the types were successfully requested, an array of types is passed as the second parameter with `null` as the first.\n\n### `.writeFile(options, callback)`\n\nGets the `.gitignore` file from GitHub of the specified `options.type` and stores it in the writable stream at `options.file` or `options.writable`.\n\n#### `options`\n\n`.type` (string) - The type associated with the `.gitignore` file to be fetched\n`.file`, `.writable` (writable stream) - A writable stream (a file, sdtout, etc) that the results should be written to\n\n#### `callback(err)`\n\nIf an error occurred or the request did not go through, an error obect is passed as the first parameter. If the request was successful, the first parameter is `null` or `undefined`.\n',
91 silly resolved     readmeFilename: 'README.md',
91 silly resolved     bugs: { url: 'https://github.com/msfeldstein/gitignore/issues' },
91 silly resolved     _id: 'gitignore@0.5.0',
91 silly resolved     dist: { shasum: '0a94b5f43038d6d04256d2a52ddf019bc62fea3e' },
91 silly resolved     _from: 'gitignore@',
91 silly resolved     _resolved: 'https://registry.npmjs.org/gitignore/-/gitignore-0.5.0.tgz' } ]
92 info install gitignore@0.5.0 into /usr/local/lib
93 info installOne gitignore@0.5.0
94 info /usr/local/lib/node_modules/gitignore unbuild
95 verbose tar unpack /home/michael/.npm/gitignore/0.5.0/package.tgz
96 silly lockFile 04d8c6f4-local-lib-node-modules-gitignore tar:///usr/local/lib/node_modules/gitignore
97 verbose lock tar:///usr/local/lib/node_modules/gitignore /home/michael/.npm/04d8c6f4-local-lib-node-modules-gitignore.lock
98 silly lockFile c1de038b--npm-gitignore-0-5-0-package-tgz tar:///home/michael/.npm/gitignore/0.5.0/package.tgz
99 verbose lock tar:///home/michael/.npm/gitignore/0.5.0/package.tgz /home/michael/.npm/c1de038b--npm-gitignore-0-5-0-package-tgz.lock
100 silly gunzTarPerm modes [ '755', '644' ]
101 error Error: EACCES, mkdir '/usr/local/lib/node_modules'
101 error  { [Error: EACCES, mkdir '/usr/local/lib/node_modules']
101 error   errno: 3,
101 error   code: 'EACCES',
101 error   path: '/usr/local/lib/node_modules',
101 error   fstream_type: 'Directory',
101 error   fstream_path: '/usr/local/lib/node_modules/gitignore',
101 error   fstream_class: 'DirWriter',
101 error   fstream_stack:
101 error    [ '/usr/lib/nodejs/fstream/lib/writer.js:171:23',
101 error      '/usr/lib/nodejs/mkdirp/index.js:37:53',
101 error      'Object.oncomplete (fs.js:107:15)' ] }
102 error Please try running this command again as root/Administrator.
103 error System Linux 3.4.0+
104 error command "/usr/bin/nodejs" "/usr/bin/npm" "install" "-g" "gitignore"
105 error cwd /mnt/c/Users/msfel/Documents/Processing/MidiOSC
106 error node -v v0.10.25
107 error npm -v 1.3.10
108 error path /usr/local/lib/node_modules
109 error fstream_path /usr/local/lib/node_modules/gitignore
110 error fstream_type Directory
111 error fstream_class DirWriter
112 error code EACCES
113 error errno 3
114 error stack Error: EACCES, mkdir '/usr/local/lib/node_modules'
115 error fstream_stack /usr/lib/nodejs/fstream/lib/writer.js:171:23
115 error fstream_stack /usr/lib/nodejs/mkdirp/index.js:37:53
115 error fstream_stack Object.oncomplete (fs.js:107:15)
116 verbose exit [ 3, true ]
